<?xml version="1.0" encoding="UTF-8"?>
<testsuite xmlns:xsi="http://www.w3.org/2001/XMLSchema-instance" xsi:noNamespaceSchemaLocation="https://maven.apache.org/surefire/maven-surefire-plugin/xsd/surefire-test-report.xsd" version="3.0.2" name="com.example.quiz.QuizApplicationTests" time="9.845" tests="1" errors="0" skipped="0" failures="0">
  <properties>
[...]
</properties>
  <testcase name="contextLoads" classname="com.example.quiz.QuizApplicationTests" time="0.753">
    <system-out><![CDATA[15:03:44.189 [main] INFO org.springframework.test.context.support.AnnotationConfigContextLoaderUtils -- Could not detect default configuration classes for test class [com.example.quiz.QuizApplicationTests]: QuizApplicationTests does not declare any static, non-private, non-final, nested classes annotated with @Configuration.
15:03:44.359 [main] INFO org.springframework.boot.test.context.SpringBootTestContextBootstrapper -- Found @SpringBootConfiguration com.example.quiz.QuizApplication for test class com.example.quiz.QuizApplicationTests

  .   ____          _            __ _ _
 /\\ / ___'_ __ _ _(_)_ __  __ _ \ \ \ \
( ( )\___ | '_ | '_| | '_ \/ _` | \ \ \ \
 \\/  ___)| |_)| | | | | || (_| |  ) ) ) )
  '  |____| .__|_| |_|_| |_\__, | / / / /
 =========|_|==============|___/=/_/_/_/

 :: Spring Boot ::                (v3.4.1)

2025-01-17T15:03:45.053+03:30  INFO 43009 --- [           main] com.example.quiz.QuizApplicationTests    : Starting QuizApplicationTests using Java 17.0.13 with PID 43009 (started by pouyan in /home/pouyan/Documents/BackendSpringboot/BackendSpringboot)
2025-01-17T15:03:45.055+03:30 DEBUG 43009 --- [           main] com.example.quiz.QuizApplicationTests    : Running with Spring Boot v3.4.1, Spring v6.2.1
2025-01-17T15:03:45.057+03:30  INFO 43009 --- [           main] com.example.quiz.QuizApplicationTests    : No active profile set, falling back to 1 default profile: "default"
2025-01-17T15:03:46.182+03:30  INFO 43009 --- [           main] .s.d.r.c.RepositoryConfigurationDelegate : Bootstrapping Spring Data JPA repositories in DEFAULT mode.
2025-01-17T15:03:46.295+03:30  INFO 43009 --- [           main] .s.d.r.c.RepositoryConfigurationDelegate : Finished Spring Data repository scanning in 98 ms. Found 4 JPA repository interfaces.
2025-01-17T15:03:47.218+03:30  INFO 43009 --- [           main] o.hibernate.jpa.internal.util.LogHelper  : HHH000204: Processing PersistenceUnitInfo [name: default]
2025-01-17T15:03:47.308+03:30  INFO 43009 --- [           main] org.hibernate.Version                    : HHH000412: Hibernate ORM core version 6.6.4.Final
2025-01-17T15:03:47.364+03:30  INFO 43009 --- [           main] o.h.c.internal.RegionFactoryInitiator    : HHH000026: Second-level cache disabled
2025-01-17T15:03:47.808+03:30  INFO 43009 --- [           main] o.s.o.j.p.SpringPersistenceUnitInfo      : No LoadTimeWeaver setup: ignoring JPA class transformer
2025-01-17T15:03:47.855+03:30  INFO 43009 --- [           main] com.zaxxer.hikari.HikariDataSource       : HikariPool-1 - Starting...
2025-01-17T15:03:48.361+03:30  INFO 43009 --- [           main] com.zaxxer.hikari.pool.HikariPool        : HikariPool-1 - Added connection com.mysql.cj.jdbc.ConnectionImpl@460f1cdb
2025-01-17T15:03:48.364+03:30  INFO 43009 --- [           main] com.zaxxer.hikari.HikariDataSource       : HikariPool-1 - Start completed.
2025-01-17T15:03:48.426+03:30  WARN 43009 --- [           main] org.hibernate.orm.deprecation            : HHH90000025: MySQL8Dialect does not need to be specified explicitly using 'hibernate.dialect' (remove the property setting and it will be selected by default)
2025-01-17T15:03:48.428+03:30  WARN 43009 --- [           main] org.hibernate.orm.deprecation            : HHH90000026: MySQL8Dialect has been deprecated; use org.hibernate.dialect.MySQLDialect instead
2025-01-17T15:03:48.456+03:30  INFO 43009 --- [           main] org.hibernate.orm.connections.pooling    : HHH10001005: Database info:
	Database JDBC URL [Connecting through datasource 'HikariDataSource (HikariPool-1)']
	Database driver: undefined/unknown
	Database version: 8.0
	Autocommit mode: undefined/unknown
	Isolation level: undefined/unknown
	Minimum pool size: undefined/unknown
	Maximum pool size: undefined/unknown
2025-01-17T15:03:49.975+03:30  INFO 43009 --- [           main] o.h.e.t.j.p.i.JtaPlatformInitiator       : HHH000489: No JTA platform available (set 'hibernate.transaction.jta.platform' to enable JTA platform integration)
2025-01-17T15:03:50.220+03:30  INFO 43009 --- [           main] j.LocalContainerEntityManagerFactoryBean : Initialized JPA EntityManagerFactory for persistence unit 'default'
2025-01-17T15:03:51.039+03:30 DEBUG 43009 --- [           main] .PrePostAnnotationSecurityMetadataSource : @org.springframework.security.access.prepost.PreAuthorize("hasRole(\'DESIGNER\')") found on: com.example.quiz.controller.DesignerController
2025-01-17T15:03:51.087+03:30 DEBUG 43009 --- [           main] m.DelegatingMethodSecurityMetadataSource : Caching method [CacheKey[com.example.quiz.controller.DesignerController; public org.springframework.http.ResponseEntity com.example.quiz.controller.DesignerController.getQuestions(java.lang.String,java.lang.Integer)]] with attributes [[authorize: 'hasRole('DESIGNER')', filter: 'null', filterTarget: 'null']]
2025-01-17T15:03:51.117+03:30 DEBUG 43009 --- [           main] .PrePostAnnotationSecurityMetadataSource : @org.springframework.security.access.prepost.PreAuthorize("hasRole(\'DESIGNER\')") found on: com.example.quiz.controller.DesignerController
2025-01-17T15:03:51.118+03:30 DEBUG 43009 --- [           main] m.DelegatingMethodSecurityMetadataSource : Caching method [CacheKey[com.example.quiz.controller.DesignerController; public org.springframework.http.ResponseEntity com.example.quiz.controller.DesignerController.createQuestion(com.example.quiz.dto.request.QuestionRequest)]] with attributes [[authorize: 'hasRole('DESIGNER')', filter: 'null', filterTarget: 'null']]
2025-01-17T15:03:51.119+03:30 DEBUG 43009 --- [           main] .PrePostAnnotationSecurityMetadataSource : @org.springframework.security.access.prepost.PreAuthorize("hasRole(\'DESIGNER\')") found on: com.example.quiz.controller.DesignerController
2025-01-17T15:03:51.120+03:30 DEBUG 43009 --- [           main] m.DelegatingMethodSecurityMetadataSource : Caching method [CacheKey[com.example.quiz.controller.DesignerController; public org.springframework.http.ResponseEntity com.example.quiz.controller.DesignerController.getQuestion(java.lang.Long)]] with attributes [[authorize: 'hasRole('DESIGNER')', filter: 'null', filterTarget: 'null']]
2025-01-17T15:03:51.120+03:30 DEBUG 43009 --- [           main] .PrePostAnnotationSecurityMetadataSource : @org.springframework.security.access.prepost.PreAuthorize("hasRole(\'DESIGNER\')") found on: com.example.quiz.controller.DesignerController
2025-01-17T15:03:51.121+03:30 DEBUG 43009 --- [           main] m.DelegatingMethodSecurityMetadataSource : Caching method [CacheKey[com.example.quiz.controller.DesignerController; public org.springframework.http.ResponseEntity com.example.quiz.controller.DesignerController.updateQuestion(java.lang.Long,com.example.quiz.dto.request.QuestionRequest)]] with attributes [[authorize: 'hasRole('DESIGNER')', filter: 'null', filterTarget: 'null']]
2025-01-17T15:03:51.121+03:30 DEBUG 43009 --- [           main] .PrePostAnnotationSecurityMetadataSource : @org.springframework.security.access.prepost.PreAuthorize("hasRole(\'DESIGNER\')") found on: com.example.quiz.controller.DesignerController
2025-01-17T15:03:51.122+03:30 DEBUG 43009 --- [           main] m.DelegatingMethodSecurityMetadataSource : Caching method [CacheKey[com.example.quiz.controller.DesignerController; public org.springframework.http.ResponseEntity com.example.quiz.controller.DesignerController.deleteQuestion(java.lang.Long)]] with attributes [[authorize: 'hasRole('DESIGNER')', filter: 'null', filterTarget: 'null']]
2025-01-17T15:03:51.122+03:30 DEBUG 43009 --- [           main] .PrePostAnnotationSecurityMetadataSource : @org.springframework.security.access.prepost.PreAuthorize("hasRole(\'DESIGNER\')") found on: com.example.quiz.controller.DesignerController
2025-01-17T15:03:51.123+03:30 DEBUG 43009 --- [           main] m.DelegatingMethodSecurityMetadataSource : Caching method [CacheKey[com.example.quiz.controller.DesignerController; public org.springframework.http.ResponseEntity com.example.quiz.controller.DesignerController.addRelatedQuestion(java.lang.Long,java.lang.Long)]] with attributes [[authorize: 'hasRole('DESIGNER')', filter: 'null', filterTarget: 'null']]
2025-01-17T15:03:51.123+03:30 DEBUG 43009 --- [           main] .PrePostAnnotationSecurityMetadataSource : @org.springframework.security.access.prepost.PreAuthorize("hasRole(\'DESIGNER\')") found on: com.example.quiz.controller.DesignerController
2025-01-17T15:03:51.124+03:30 DEBUG 43009 --- [           main] m.DelegatingMethodSecurityMetadataSource : Caching method [CacheKey[com.example.quiz.controller.DesignerController; public org.springframework.http.ResponseEntity com.example.quiz.controller.DesignerController.removeRelatedQuestion(java.lang.Long,java.lang.Long)]] with attributes [[authorize: 'hasRole('DESIGNER')', filter: 'null', filterTarget: 'null']]
2025-01-17T15:03:51.124+03:30 DEBUG 43009 --- [           main] .PrePostAnnotationSecurityMetadataSource : @org.springframework.security.access.prepost.PreAuthorize("hasRole(\'DESIGNER\')") found on: com.example.quiz.controller.DesignerController
2025-01-17T15:03:51.125+03:30 DEBUG 43009 --- [           main] m.DelegatingMethodSecurityMetadataSource : Caching method [CacheKey[com.example.quiz.controller.DesignerController; public org.springframework.http.ResponseEntity com.example.quiz.controller.DesignerController.getCategories()]] with attributes [[authorize: 'hasRole('DESIGNER')', filter: 'null', filterTarget: 'null']]
2025-01-17T15:03:51.125+03:30 DEBUG 43009 --- [           main] .PrePostAnnotationSecurityMetadataSource : @org.springframework.security.access.prepost.PreAuthorize("hasRole(\'DESIGNER\')") found on: com.example.quiz.controller.DesignerController
2025-01-17T15:03:51.126+03:30 DEBUG 43009 --- [           main] m.DelegatingMethodSecurityMetadataSource : Caching method [CacheKey[com.example.quiz.controller.DesignerController; public org.springframework.http.ResponseEntity com.example.quiz.controller.DesignerController.createCategory(com.example.quiz.dto.request.CategoryRequest)]] with attributes [[authorize: 'hasRole('DESIGNER')', filter: 'null', filterTarget: 'null']]
2025-01-17T15:03:51.126+03:30 DEBUG 43009 --- [           main] .PrePostAnnotationSecurityMetadataSource : @org.springframework.security.access.prepost.PreAuthorize("hasRole(\'DESIGNER\')") found on: com.example.quiz.controller.DesignerController
2025-01-17T15:03:51.127+03:30 DEBUG 43009 --- [           main] m.DelegatingMethodSecurityMetadataSource : Caching method [CacheKey[com.example.quiz.controller.DesignerController; public org.springframework.http.ResponseEntity com.example.quiz.controller.DesignerController.updateCategory(java.lang.Long,com.example.quiz.dto.request.CategoryRequest)]] with attributes [[authorize: 'hasRole('DESIGNER')', filter: 'null', filterTarget: 'null']]
2025-01-17T15:03:51.128+03:30 DEBUG 43009 --- [           main] .PrePostAnnotationSecurityMetadataSource : @org.springframework.security.access.prepost.PreAuthorize("hasRole(\'DESIGNER\')") found on: com.example.quiz.controller.DesignerController
2025-01-17T15:03:51.128+03:30 DEBUG 43009 --- [           main] m.DelegatingMethodSecurityMetadataSource : Caching method [CacheKey[com.example.quiz.controller.DesignerController; public org.springframework.http.ResponseEntity com.example.quiz.controller.DesignerController.deleteCategory(java.lang.Long)]] with attributes [[authorize: 'hasRole('DESIGNER')', filter: 'null', filterTarget: 'null']]
2025-01-17T15:03:51.216+03:30 DEBUG 43009 --- [           main] .PrePostAnnotationSecurityMetadataSource : @org.springframework.security.access.prepost.PreAuthorize("hasRole(\'PLAYER\')") found on: com.example.quiz.controller.PlayerController
2025-01-17T15:03:51.217+03:30 DEBUG 43009 --- [           main] m.DelegatingMethodSecurityMetadataSource : Caching method [CacheKey[com.example.quiz.controller.PlayerController; public org.springframework.http.ResponseEntity com.example.quiz.controller.PlayerController.getQuestions(java.lang.String,java.lang.Integer)]] with attributes [[authorize: 'hasRole('PLAYER')', filter: 'null', filterTarget: 'null']]
2025-01-17T15:03:51.219+03:30 DEBUG 43009 --- [           main] .PrePostAnnotationSecurityMetadataSource : @org.springframework.security.access.prepost.PreAuthorize("hasRole(\'PLAYER\')") found on: com.example.quiz.controller.PlayerController
2025-01-17T15:03:51.220+03:30 DEBUG 43009 --- [           main] m.DelegatingMethodSecurityMetadataSource : Caching method [CacheKey[com.example.quiz.controller.PlayerController; public org.springframework.http.ResponseEntity com.example.quiz.controller.PlayerController.submitAnswer(java.lang.Long,com.example.quiz.dto.request.AnswerRequest)]] with attributes [[authorize: 'hasRole('PLAYER')', filter: 'null', filterTarget: 'null']]
2025-01-17T15:03:51.220+03:30 DEBUG 43009 --- [           main] .PrePostAnnotationSecurityMetadataSource : @org.springframework.security.access.prepost.PreAuthorize("hasRole(\'PLAYER\')") found on: com.example.quiz.controller.PlayerController
2025-01-17T15:03:51.221+03:30 DEBUG 43009 --- [           main] m.DelegatingMethodSecurityMetadataSource : Caching method [CacheKey[com.example.quiz.controller.PlayerController; public org.springframework.http.ResponseEntity com.example.quiz.controller.PlayerController.getLeaderboard()]] with attributes [[authorize: 'hasRole('PLAYER')', filter: 'null', filterTarget: 'null']]
2025-01-17T15:03:51.221+03:30 DEBUG 43009 --- [           main] .PrePostAnnotationSecurityMetadataSource : @org.springframework.security.access.prepost.PreAuthorize("hasRole(\'PLAYER\')") found on: com.example.quiz.controller.PlayerController
2025-01-17T15:03:51.222+03:30 DEBUG 43009 --- [           main] m.DelegatingMethodSecurityMetadataSource : Caching method [CacheKey[com.example.quiz.controller.PlayerController; public org.springframework.http.ResponseEntity com.example.quiz.controller.PlayerController.followDesigner(java.lang.Long)]] with attributes [[authorize: 'hasRole('PLAYER')', filter: 'null', filterTarget: 'null']]
2025-01-17T15:03:51.222+03:30 DEBUG 43009 --- [           main] .PrePostAnnotationSecurityMetadataSource : @org.springframework.security.access.prepost.PreAuthorize("hasRole(\'PLAYER\')") found on: com.example.quiz.controller.PlayerController
2025-01-17T15:03:51.222+03:30 DEBUG 43009 --- [           main] m.DelegatingMethodSecurityMetadataSource : Caching method [CacheKey[com.example.quiz.controller.PlayerController; public org.springframework.http.ResponseEntity com.example.quiz.controller.PlayerController.followPlayer(java.lang.Long)]] with attributes [[authorize: 'hasRole('PLAYER')', filter: 'null', filterTarget: 'null']]
2025-01-17T15:03:51.223+03:30 DEBUG 43009 --- [           main] .PrePostAnnotationSecurityMetadataSource : @org.springframework.security.access.prepost.PreAuthorize("hasRole(\'PLAYER\')") found on: com.example.quiz.controller.PlayerController
2025-01-17T15:03:51.223+03:30 DEBUG 43009 --- [           main] m.DelegatingMethodSecurityMetadataSource : Caching method [CacheKey[com.example.quiz.controller.PlayerController; public org.springframework.http.ResponseEntity com.example.quiz.controller.PlayerController.unfollowDesigner(java.lang.Long)]] with attributes [[authorize: 'hasRole('PLAYER')', filter: 'null', filterTarget: 'null']]
2025-01-17T15:03:51.224+03:30 DEBUG 43009 --- [           main] .PrePostAnnotationSecurityMetadataSource : @org.springframework.security.access.prepost.PreAuthorize("hasRole(\'PLAYER\')") found on: com.example.quiz.controller.PlayerController
2025-01-17T15:03:51.224+03:30 DEBUG 43009 --- [           main] m.DelegatingMethodSecurityMetadataSource : Caching method [CacheKey[com.example.quiz.controller.PlayerController; public org.springframework.http.ResponseEntity com.example.quiz.controller.PlayerController.unfollowPlayer(java.lang.Long)]] with attributes [[authorize: 'hasRole('PLAYER')', filter: 'null', filterTarget: 'null']]
2025-01-17T15:03:51.224+03:30 DEBUG 43009 --- [           main] .PrePostAnnotationSecurityMetadataSource : @org.springframework.security.access.prepost.PreAuthorize("hasRole(\'PLAYER\')") found on: com.example.quiz.controller.PlayerController
2025-01-17T15:03:51.225+03:30 DEBUG 43009 --- [           main] m.DelegatingMethodSecurityMetadataSource : Caching method [CacheKey[com.example.quiz.controller.PlayerController; public org.springframework.http.ResponseEntity com.example.quiz.controller.PlayerController.getRandomQuestion()]] with attributes [[authorize: 'hasRole('PLAYER')', filter: 'null', filterTarget: 'null']]
2025-01-17T15:03:51.328+03:30  WARN 43009 --- [           main] JpaBaseConfiguration$JpaWebConfiguration : spring.jpa.open-in-view is enabled by default. Therefore, database queries may be performed during view rendering. Explicitly configure spring.jpa.open-in-view to disable this warning
2025-01-17T15:03:51.375+03:30  WARN 43009 --- [           main] .s.s.UserDetailsServiceAutoConfiguration : 

Using generated security password: fa8b1386-ff1f-4be7-acef-bf233495721b

This generated password is for development use only. Your security configuration must be updated before running your application in production.

2025-01-17T15:03:51.384+03:30  INFO 43009 --- [           main] r$InitializeUserDetailsManagerConfigurer : Global AuthenticationManager configured with UserDetailsService bean with name inMemoryUserDetailsManager
2025-01-17T15:03:52.207+03:30 DEBUG 43009 --- [           main] o.s.s.web.DefaultSecurityFilterChain     : Will secure any request with filters: DisableEncodeUrlFilter, WebAsyncManagerIntegrationFilter, SecurityContextHolderFilter, HeaderWriterFilter, CorsFilter, LogoutFilter, JwtAuthenticationFilter, RequestCacheAwareFilter, SecurityContextHolderAwareRequestFilter, AnonymousAuthenticationFilter, SessionManagementFilter, ExceptionTranslationFilter, AuthorizationFilter
2025-01-17T15:03:52.973+03:30  INFO 43009 --- [           main] com.example.quiz.QuizApplicationTests    : Started QuizApplicationTests in 8.383 seconds (process running for 9.923)
]]></system-out>
  </testcase>
</testsuite>