<?xml version="1.0" encoding="UTF-8"?>
<testsuite xmlns:xsi="http://www.w3.org/2001/XMLSchema-instance" xsi:noNamespaceSchemaLocation="https://maven.apache.org/surefire/maven-surefire-plugin/xsd/surefire-test-report.xsd" version="3.0.2" name="com.example.quiz.QuizApplicationTests" time="9.558" tests="1" errors="0" skipped="0" failures="0">
  <properties>
[...]
</properties>
  <testcase name="contextLoads" classname="com.example.quiz.QuizApplicationTests" time="0.575">
    <system-out><![CDATA[14:06:36.049 [main] INFO org.springframework.test.context.support.AnnotationConfigContextLoaderUtils -- Could not detect default configuration classes for test class [com.example.quiz.QuizApplicationTests]: QuizApplicationTests does not declare any static, non-private, non-final, nested classes annotated with @Configuration.
14:06:36.232 [main] INFO org.springframework.boot.test.context.SpringBootTestContextBootstrapper -- Found @SpringBootConfiguration com.example.quiz.QuizApplication for test class com.example.quiz.QuizApplicationTests

  .   ____          _            __ _ _
 /\\ / ___'_ __ _ _(_)_ __  __ _ \ \ \ \
( ( )\___ | '_ | '_| | '_ \/ _` | \ \ \ \
 \\/  ___)| |_)| | | | | || (_| |  ) ) ) )
  '  |____| .__|_| |_|_| |_\__, | / / / /
 =========|_|==============|___/=/_/_/_/

 :: Spring Boot ::                (v3.4.1)

2025-01-17T14:06:36.871+03:30  INFO 34494 --- [           main] com.example.quiz.QuizApplicationTests    : Starting QuizApplicationTests using Java 17.0.13 with PID 34494 (started by pouyan in /home/pouyan/Documents/BackendSpringboot/BackendSpringboot)
2025-01-17T14:06:36.873+03:30 DEBUG 34494 --- [           main] com.example.quiz.QuizApplicationTests    : Running with Spring Boot v3.4.1, Spring v6.2.1
2025-01-17T14:06:36.875+03:30  INFO 34494 --- [           main] com.example.quiz.QuizApplicationTests    : No active profile set, falling back to 1 default profile: "default"
2025-01-17T14:06:37.958+03:30  INFO 34494 --- [           main] .s.d.r.c.RepositoryConfigurationDelegate : Bootstrapping Spring Data JPA repositories in DEFAULT mode.
2025-01-17T14:06:38.077+03:30  INFO 34494 --- [           main] .s.d.r.c.RepositoryConfigurationDelegate : Finished Spring Data repository scanning in 102 ms. Found 4 JPA repository interfaces.
2025-01-17T14:06:38.905+03:30  INFO 34494 --- [           main] o.hibernate.jpa.internal.util.LogHelper  : HHH000204: Processing PersistenceUnitInfo [name: default]
2025-01-17T14:06:38.988+03:30  INFO 34494 --- [           main] org.hibernate.Version                    : HHH000412: Hibernate ORM core version 6.6.4.Final
2025-01-17T14:06:39.051+03:30  INFO 34494 --- [           main] o.h.c.internal.RegionFactoryInitiator    : HHH000026: Second-level cache disabled
2025-01-17T14:06:39.462+03:30  INFO 34494 --- [           main] o.s.o.j.p.SpringPersistenceUnitInfo      : No LoadTimeWeaver setup: ignoring JPA class transformer
2025-01-17T14:06:39.508+03:30  INFO 34494 --- [           main] com.zaxxer.hikari.HikariDataSource       : HikariPool-1 - Starting...
2025-01-17T14:06:40.005+03:30  INFO 34494 --- [           main] com.zaxxer.hikari.pool.HikariPool        : HikariPool-1 - Added connection com.mysql.cj.jdbc.ConnectionImpl@23321be7
2025-01-17T14:06:40.008+03:30  INFO 34494 --- [           main] com.zaxxer.hikari.HikariDataSource       : HikariPool-1 - Start completed.
2025-01-17T14:06:40.093+03:30  WARN 34494 --- [           main] org.hibernate.orm.deprecation            : HHH90000025: MySQL8Dialect does not need to be specified explicitly using 'hibernate.dialect' (remove the property setting and it will be selected by default)
2025-01-17T14:06:40.095+03:30  WARN 34494 --- [           main] org.hibernate.orm.deprecation            : HHH90000026: MySQL8Dialect has been deprecated; use org.hibernate.dialect.MySQLDialect instead
2025-01-17T14:06:40.127+03:30  INFO 34494 --- [           main] org.hibernate.orm.connections.pooling    : HHH10001005: Database info:
	Database JDBC URL [Connecting through datasource 'HikariDataSource (HikariPool-1)']
	Database driver: undefined/unknown
	Database version: 8.0
	Autocommit mode: undefined/unknown
	Isolation level: undefined/unknown
	Minimum pool size: undefined/unknown
	Maximum pool size: undefined/unknown
2025-01-17T14:06:41.601+03:30  INFO 34494 --- [           main] o.h.e.t.j.p.i.JtaPlatformInitiator       : HHH000489: No JTA platform available (set 'hibernate.transaction.jta.platform' to enable JTA platform integration)
Hibernate: 
    create table answered_questions (
        id bigint not null auto_increment,
        was_correct bit not null,
        question_id bigint,
        user_id bigint,
        primary key (id)
    ) engine=InnoDB
Hibernate: 
    create table categories (
        id bigint not null auto_increment,
        name varchar(255),
        creator_id bigint,
        primary key (id)
    ) engine=InnoDB
Hibernate: 
    create table question_options (
        question_id bigint not null,
        options varchar(255)
    ) engine=InnoDB
Hibernate: 
    create table questions (
        id bigint not null auto_increment,
        correct_answer varchar(255),
        difficulty integer,
        text varchar(255),
        category_id bigint,
        creator_id bigint,
        primary key (id)
    ) engine=InnoDB
Hibernate: 
    create table related_questions (
        question_id bigint not null,
        related_question_id bigint not null,
        primary key (question_id, related_question_id)
    ) engine=InnoDB
Hibernate: 
    create table user_following (
        follower_id bigint not null,
        following_id bigint not null,
        primary key (follower_id, following_id)
    ) engine=InnoDB
Hibernate: 
    create table users (
        id bigint not null auto_increment,
        password varchar(255),
        points integer,
        role enum ('DESIGNER','PLAYER'),
        username varchar(255),
        primary key (id)
    ) engine=InnoDB
Hibernate: 
    alter table users 
       drop index UKr43af9ap4edm43mmtq01oddj6
Hibernate: 
    alter table users 
       add constraint UKr43af9ap4edm43mmtq01oddj6 unique (username)
Hibernate: 
    alter table answered_questions 
       add constraint FKdwvf0gkkfol5bfpgbnfm7okfn 
       foreign key (question_id) 
       references questions (id)
Hibernate: 
    alter table answered_questions 
       add constraint FK41nv8hlyyvplxhjlidn83mmr 
       foreign key (user_id) 
       references users (id)
Hibernate: 
    alter table categories 
       add constraint FKnl6ip2pfe3o5188w7pdgy0yo8 
       foreign key (creator_id) 
       references users (id)
Hibernate: 
    alter table question_options 
       add constraint FKsb9v00wdrgc9qojtjkv7e1gkp 
       foreign key (question_id) 
       references questions (id)
Hibernate: 
    alter table questions 
       add constraint FKctl6tuf74n8cufkb3ulj6b3fc 
       foreign key (category_id) 
       references categories (id)
Hibernate: 
    alter table questions 
       add constraint FK3iss7rwyj4owl79g8srmcrut 
       foreign key (creator_id) 
       references users (id)
Hibernate: 
    alter table related_questions 
       add constraint FK4pvin9ua5bbjn2jr4sixayr9p 
       foreign key (related_question_id) 
       references questions (id)
Hibernate: 
    alter table related_questions 
       add constraint FK82haaq3747ejwli2gw5mr7lnf 
       foreign key (question_id) 
       references questions (id)
Hibernate: 
    alter table user_following 
       add constraint FKj5bh5rimv03q1b79u7611qgg3 
       foreign key (following_id) 
       references users (id)
Hibernate: 
    alter table user_following 
       add constraint FKbhwj1yevud330mbllu4dt7gn7 
       foreign key (follower_id) 
       references users (id)
2025-01-17T14:06:42.546+03:30  INFO 34494 --- [           main] j.LocalContainerEntityManagerFactoryBean : Initialized JPA EntityManagerFactory for persistence unit 'default'
2025-01-17T14:06:43.225+03:30 DEBUG 34494 --- [           main] .PrePostAnnotationSecurityMetadataSource : @org.springframework.security.access.prepost.PreAuthorize("hasRole(\'DESIGNER\')") found on: com.example.quiz.controller.DesignerController
2025-01-17T14:06:43.247+03:30 DEBUG 34494 --- [           main] m.DelegatingMethodSecurityMetadataSource : Caching method [CacheKey[com.example.quiz.controller.DesignerController; public org.springframework.http.ResponseEntity com.example.quiz.controller.DesignerController.getQuestions(java.lang.String,java.lang.Integer)]] with attributes [[authorize: 'hasRole('DESIGNER')', filter: 'null', filterTarget: 'null']]
2025-01-17T14:06:43.264+03:30 DEBUG 34494 --- [           main] .PrePostAnnotationSecurityMetadataSource : @org.springframework.security.access.prepost.PreAuthorize("hasRole(\'DESIGNER\')") found on: com.example.quiz.controller.DesignerController
2025-01-17T14:06:43.265+03:30 DEBUG 34494 --- [           main] m.DelegatingMethodSecurityMetadataSource : Caching method [CacheKey[com.example.quiz.controller.DesignerController; public org.springframework.http.ResponseEntity com.example.quiz.controller.DesignerController.createQuestion(com.example.quiz.dto.request.QuestionRequest)]] with attributes [[authorize: 'hasRole('DESIGNER')', filter: 'null', filterTarget: 'null']]
2025-01-17T14:06:43.265+03:30 DEBUG 34494 --- [           main] .PrePostAnnotationSecurityMetadataSource : @org.springframework.security.access.prepost.PreAuthorize("hasRole(\'DESIGNER\')") found on: com.example.quiz.controller.DesignerController
2025-01-17T14:06:43.265+03:30 DEBUG 34494 --- [           main] m.DelegatingMethodSecurityMetadataSource : Caching method [CacheKey[com.example.quiz.controller.DesignerController; public org.springframework.http.ResponseEntity com.example.quiz.controller.DesignerController.getQuestion(java.lang.Long)]] with attributes [[authorize: 'hasRole('DESIGNER')', filter: 'null', filterTarget: 'null']]
2025-01-17T14:06:43.266+03:30 DEBUG 34494 --- [           main] .PrePostAnnotationSecurityMetadataSource : @org.springframework.security.access.prepost.PreAuthorize("hasRole(\'DESIGNER\')") found on: com.example.quiz.controller.DesignerController
2025-01-17T14:06:43.266+03:30 DEBUG 34494 --- [           main] m.DelegatingMethodSecurityMetadataSource : Caching method [CacheKey[com.example.quiz.controller.DesignerController; public org.springframework.http.ResponseEntity com.example.quiz.controller.DesignerController.updateQuestion(java.lang.Long,com.example.quiz.dto.request.QuestionRequest)]] with attributes [[authorize: 'hasRole('DESIGNER')', filter: 'null', filterTarget: 'null']]
2025-01-17T14:06:43.266+03:30 DEBUG 34494 --- [           main] .PrePostAnnotationSecurityMetadataSource : @org.springframework.security.access.prepost.PreAuthorize("hasRole(\'DESIGNER\')") found on: com.example.quiz.controller.DesignerController
2025-01-17T14:06:43.267+03:30 DEBUG 34494 --- [           main] m.DelegatingMethodSecurityMetadataSource : Caching method [CacheKey[com.example.quiz.controller.DesignerController; public org.springframework.http.ResponseEntity com.example.quiz.controller.DesignerController.deleteQuestion(java.lang.Long)]] with attributes [[authorize: 'hasRole('DESIGNER')', filter: 'null', filterTarget: 'null']]
2025-01-17T14:06:43.267+03:30 DEBUG 34494 --- [           main] .PrePostAnnotationSecurityMetadataSource : @org.springframework.security.access.prepost.PreAuthorize("hasRole(\'DESIGNER\')") found on: com.example.quiz.controller.DesignerController
2025-01-17T14:06:43.267+03:30 DEBUG 34494 --- [           main] m.DelegatingMethodSecurityMetadataSource : Caching method [CacheKey[com.example.quiz.controller.DesignerController; public org.springframework.http.ResponseEntity com.example.quiz.controller.DesignerController.addRelatedQuestion(java.lang.Long,java.lang.Long)]] with attributes [[authorize: 'hasRole('DESIGNER')', filter: 'null', filterTarget: 'null']]
2025-01-17T14:06:43.268+03:30 DEBUG 34494 --- [           main] .PrePostAnnotationSecurityMetadataSource : @org.springframework.security.access.prepost.PreAuthorize("hasRole(\'DESIGNER\')") found on: com.example.quiz.controller.DesignerController
2025-01-17T14:06:43.268+03:30 DEBUG 34494 --- [           main] m.DelegatingMethodSecurityMetadataSource : Caching method [CacheKey[com.example.quiz.controller.DesignerController; public org.springframework.http.ResponseEntity com.example.quiz.controller.DesignerController.removeRelatedQuestion(java.lang.Long,java.lang.Long)]] with attributes [[authorize: 'hasRole('DESIGNER')', filter: 'null', filterTarget: 'null']]
2025-01-17T14:06:43.268+03:30 DEBUG 34494 --- [           main] .PrePostAnnotationSecurityMetadataSource : @org.springframework.security.access.prepost.PreAuthorize("hasRole(\'DESIGNER\')") found on: com.example.quiz.controller.DesignerController
2025-01-17T14:06:43.269+03:30 DEBUG 34494 --- [           main] m.DelegatingMethodSecurityMetadataSource : Caching method [CacheKey[com.example.quiz.controller.DesignerController; public org.springframework.http.ResponseEntity com.example.quiz.controller.DesignerController.getCategories()]] with attributes [[authorize: 'hasRole('DESIGNER')', filter: 'null', filterTarget: 'null']]
2025-01-17T14:06:43.269+03:30 DEBUG 34494 --- [           main] .PrePostAnnotationSecurityMetadataSource : @org.springframework.security.access.prepost.PreAuthorize("hasRole(\'DESIGNER\')") found on: com.example.quiz.controller.DesignerController
2025-01-17T14:06:43.269+03:30 DEBUG 34494 --- [           main] m.DelegatingMethodSecurityMetadataSource : Caching method [CacheKey[com.example.quiz.controller.DesignerController; public org.springframework.http.ResponseEntity com.example.quiz.controller.DesignerController.createCategory(com.example.quiz.dto.request.CategoryRequest)]] with attributes [[authorize: 'hasRole('DESIGNER')', filter: 'null', filterTarget: 'null']]
2025-01-17T14:06:43.270+03:30 DEBUG 34494 --- [           main] .PrePostAnnotationSecurityMetadataSource : @org.springframework.security.access.prepost.PreAuthorize("hasRole(\'DESIGNER\')") found on: com.example.quiz.controller.DesignerController
2025-01-17T14:06:43.270+03:30 DEBUG 34494 --- [           main] m.DelegatingMethodSecurityMetadataSource : Caching method [CacheKey[com.example.quiz.controller.DesignerController; public org.springframework.http.ResponseEntity com.example.quiz.controller.DesignerController.updateCategory(java.lang.Long,com.example.quiz.dto.request.CategoryRequest)]] with attributes [[authorize: 'hasRole('DESIGNER')', filter: 'null', filterTarget: 'null']]
2025-01-17T14:06:43.270+03:30 DEBUG 34494 --- [           main] .PrePostAnnotationSecurityMetadataSource : @org.springframework.security.access.prepost.PreAuthorize("hasRole(\'DESIGNER\')") found on: com.example.quiz.controller.DesignerController
2025-01-17T14:06:43.271+03:30 DEBUG 34494 --- [           main] m.DelegatingMethodSecurityMetadataSource : Caching method [CacheKey[com.example.quiz.controller.DesignerController; public org.springframework.http.ResponseEntity com.example.quiz.controller.DesignerController.deleteCategory(java.lang.Long)]] with attributes [[authorize: 'hasRole('DESIGNER')', filter: 'null', filterTarget: 'null']]
2025-01-17T14:06:43.335+03:30 DEBUG 34494 --- [           main] .PrePostAnnotationSecurityMetadataSource : @org.springframework.security.access.prepost.PreAuthorize("hasRole(\'PLAYER\')") found on: com.example.quiz.controller.PlayerController
2025-01-17T14:06:43.336+03:30 DEBUG 34494 --- [           main] m.DelegatingMethodSecurityMetadataSource : Caching method [CacheKey[com.example.quiz.controller.PlayerController; public org.springframework.http.ResponseEntity com.example.quiz.controller.PlayerController.getQuestions(java.lang.String,java.lang.Integer)]] with attributes [[authorize: 'hasRole('PLAYER')', filter: 'null', filterTarget: 'null']]
2025-01-17T14:06:43.338+03:30 DEBUG 34494 --- [           main] .PrePostAnnotationSecurityMetadataSource : @org.springframework.security.access.prepost.PreAuthorize("hasRole(\'PLAYER\')") found on: com.example.quiz.controller.PlayerController
2025-01-17T14:06:43.338+03:30 DEBUG 34494 --- [           main] m.DelegatingMethodSecurityMetadataSource : Caching method [CacheKey[com.example.quiz.controller.PlayerController; public org.springframework.http.ResponseEntity com.example.quiz.controller.PlayerController.submitAnswer(java.lang.Long,com.example.quiz.dto.request.AnswerRequest)]] with attributes [[authorize: 'hasRole('PLAYER')', filter: 'null', filterTarget: 'null']]
2025-01-17T14:06:43.338+03:30 DEBUG 34494 --- [           main] .PrePostAnnotationSecurityMetadataSource : @org.springframework.security.access.prepost.PreAuthorize("hasRole(\'PLAYER\')") found on: com.example.quiz.controller.PlayerController
2025-01-17T14:06:43.339+03:30 DEBUG 34494 --- [           main] m.DelegatingMethodSecurityMetadataSource : Caching method [CacheKey[com.example.quiz.controller.PlayerController; public org.springframework.http.ResponseEntity com.example.quiz.controller.PlayerController.getLeaderboard()]] with attributes [[authorize: 'hasRole('PLAYER')', filter: 'null', filterTarget: 'null']]
2025-01-17T14:06:43.339+03:30 DEBUG 34494 --- [           main] .PrePostAnnotationSecurityMetadataSource : @org.springframework.security.access.prepost.PreAuthorize("hasRole(\'PLAYER\')") found on: com.example.quiz.controller.PlayerController
2025-01-17T14:06:43.339+03:30 DEBUG 34494 --- [           main] m.DelegatingMethodSecurityMetadataSource : Caching method [CacheKey[com.example.quiz.controller.PlayerController; public org.springframework.http.ResponseEntity com.example.quiz.controller.PlayerController.followDesigner(java.lang.Long)]] with attributes [[authorize: 'hasRole('PLAYER')', filter: 'null', filterTarget: 'null']]
2025-01-17T14:06:43.340+03:30 DEBUG 34494 --- [           main] .PrePostAnnotationSecurityMetadataSource : @org.springframework.security.access.prepost.PreAuthorize("hasRole(\'PLAYER\')") found on: com.example.quiz.controller.PlayerController
2025-01-17T14:06:43.340+03:30 DEBUG 34494 --- [           main] m.DelegatingMethodSecurityMetadataSource : Caching method [CacheKey[com.example.quiz.controller.PlayerController; public org.springframework.http.ResponseEntity com.example.quiz.controller.PlayerController.followPlayer(java.lang.Long)]] with attributes [[authorize: 'hasRole('PLAYER')', filter: 'null', filterTarget: 'null']]
2025-01-17T14:06:43.340+03:30 DEBUG 34494 --- [           main] .PrePostAnnotationSecurityMetadataSource : @org.springframework.security.access.prepost.PreAuthorize("hasRole(\'PLAYER\')") found on: com.example.quiz.controller.PlayerController
2025-01-17T14:06:43.340+03:30 DEBUG 34494 --- [           main] m.DelegatingMethodSecurityMetadataSource : Caching method [CacheKey[com.example.quiz.controller.PlayerController; public org.springframework.http.ResponseEntity com.example.quiz.controller.PlayerController.unfollowDesigner(java.lang.Long)]] with attributes [[authorize: 'hasRole('PLAYER')', filter: 'null', filterTarget: 'null']]
2025-01-17T14:06:43.341+03:30 DEBUG 34494 --- [           main] .PrePostAnnotationSecurityMetadataSource : @org.springframework.security.access.prepost.PreAuthorize("hasRole(\'PLAYER\')") found on: com.example.quiz.controller.PlayerController
2025-01-17T14:06:43.341+03:30 DEBUG 34494 --- [           main] m.DelegatingMethodSecurityMetadataSource : Caching method [CacheKey[com.example.quiz.controller.PlayerController; public org.springframework.http.ResponseEntity com.example.quiz.controller.PlayerController.unfollowPlayer(java.lang.Long)]] with attributes [[authorize: 'hasRole('PLAYER')', filter: 'null', filterTarget: 'null']]
2025-01-17T14:06:43.341+03:30 DEBUG 34494 --- [           main] .PrePostAnnotationSecurityMetadataSource : @org.springframework.security.access.prepost.PreAuthorize("hasRole(\'PLAYER\')") found on: com.example.quiz.controller.PlayerController
2025-01-17T14:06:43.342+03:30 DEBUG 34494 --- [           main] m.DelegatingMethodSecurityMetadataSource : Caching method [CacheKey[com.example.quiz.controller.PlayerController; public org.springframework.http.ResponseEntity com.example.quiz.controller.PlayerController.getRandomQuestion()]] with attributes [[authorize: 'hasRole('PLAYER')', filter: 'null', filterTarget: 'null']]
2025-01-17T14:06:43.422+03:30  WARN 34494 --- [           main] JpaBaseConfiguration$JpaWebConfiguration : spring.jpa.open-in-view is enabled by default. Therefore, database queries may be performed during view rendering. Explicitly configure spring.jpa.open-in-view to disable this warning
2025-01-17T14:06:43.467+03:30  WARN 34494 --- [           main] .s.s.UserDetailsServiceAutoConfiguration : 

Using generated security password: c7a28320-8e5e-46b1-84ce-f9d7b9a7d7d0

This generated password is for development use only. Your security configuration must be updated before running your application in production.

2025-01-17T14:06:43.476+03:30  INFO 34494 --- [           main] r$InitializeUserDetailsManagerConfigurer : Global AuthenticationManager configured with UserDetailsService bean with name inMemoryUserDetailsManager
2025-01-17T14:06:44.081+03:30 DEBUG 34494 --- [           main] o.s.s.web.DefaultSecurityFilterChain     : Will secure any request with filters: DisableEncodeUrlFilter, WebAsyncManagerIntegrationFilter, SecurityContextHolderFilter, HeaderWriterFilter, CorsFilter, LogoutFilter, JwtAuthenticationFilter, RequestCacheAwareFilter, SecurityContextHolderAwareRequestFilter, AnonymousAuthenticationFilter, SessionManagementFilter, ExceptionTranslationFilter, AuthorizationFilter
2025-01-17T14:06:44.733+03:30  INFO 34494 --- [           main] com.example.quiz.QuizApplicationTests    : Started QuizApplicationTests in 8.27 seconds (process running for 9.682)
]]></system-out>
  </testcase>
</testsuite>